### ISSUE TITLE
Game freeze during AI turn

### ISSUE THREAD

**Issue by Hello71** [LoneGazebo/Community-Patch-DLL#12105]
### 1. Mod version

5.0-alpha.02

### 2. Installed Components

Vox Populi with EUI

### 3. Describe the Issue

Load save, grant Theodora help request, game freezes on England turn.

### 4. Save Game From 1 Turn Before (ALWAYS ATTACH THIS IF POSSIBLE)

https://github.com/user-attachments/files/23010169/issue.zip

### 5. Logs (ALWAYS ATTACH THESE IF POSSIBLE)

<details>
<summary>tail -f *.log</summary>
<pre>
[52031.427] Net SEND (0): size=120: NetDealAccepted(FromPlayer=0, ToPlayer=1)
[52031.434] Net RECV (0) :NetDealAccepted(FromPlayer=0, ToPlayer=1)

==> Lua.log <==
[52031.957] DiscussionDialog: Handling LeaderMessage: 12, I graciously accept.

==> net_message_debug.log <==
[52032.461] DBG: UpdateMoves() : player.AI_unitUpdate() called for player 1 Theodora
[52032.461] DBG: UpdateMoves() : player.setAutoMoves(true) called for player 1 Theodora
[52032.461] DBG: UpdateMoves() : player 1 Theodora running AutoMission (NO_MISSIONAI) on Tercio id=5147
[52032.461] DBG: UpdateMoves() : player 1 Theodora running AutoMission (NO_MISSIONAI) on Tercio id=5267
[52032.461] DBG: UpdateMoves() : player 1 Theodora running AutoMission (AI_EXPLORE) on Caravel id=3929
[52032.461] DBG: UpdateMoves() : player 1 Theodora running AutoMission (AI_TACTMOVE) on Tercio id=5148
[52032.461] DBG: UpdateMoves() : player 1 Theodora running AutoMission (NO_MISSIONAI) on Galleass id=5058
[52032.461] DBG: UpdateMoves() : player 1 Theodora running AutoMission (AI_EXPLORE) on Explorer id=3734
[52032.461] DBG: UpdateMoves() : player 1 Theodora running AutoMission (AI_HOMEMOVE) on Longswordsman id=4859
[52032.461] DBG: UpdateMoves() : player 1 Theodora running AutoMission (NO_MISSIONAI) on Galleass id=5266
[52032.461] DBG: UpdateMoves() : player 1 Theodora running AutoMission (NO_MISSIONAI) on Crossbowman id=4120
[52032.461] DBG: UpdateMoves() : player 1 Theodora running AutoMission (NO_MISSIONAI) on Crossbowman id=5258
[52032.461] DBG: UpdateMoves() : player 1 Theodora running AutoMission (NO_MISSIONAI) on Crossbowman id=4929
[52032.461] DBG: UpdateMoves() : player 1 Theodora running AutoMission (AI_BUILD) on Worker id=1389
[52032.461] DBG: UpdateMoves() : player 1 Theodora running AutoMission (AI_BUILD) on Worker id=1487
[52032.461] DBG: UpdateMoves() : player 1 Theodora running AutoMission (AI_BUILD) on Worker id=2983
[52032.461] DBG: UpdateMoves() : player 1 Theodora running AutoMission (AI_BUILD) on Worker id=3423
[52032.461] DBG: UpdateMoves() : player 1 Theodora running AutoMission (NO_MISSIONAI) on Worker id=3543
[52032.461] DBG: UpdateMoves() : player 1 Theodora running AutoMission (NO_MISSIONAI) on Missionary id=3801
[52032.461] DBG: UpdateMoves() : player 1 Theodora running AutoMission (NO_MISSIONAI) on Inquisitor id=4553
[52032.461] DBG: UpdateMoves() : player 1 Theodora running AutoMission (NO_MISSIONAI) on Inquisitor id=4663
[52032.461] DBG: UpdateMoves() : player 1 Theodora running AutoMission (NO_MISSIONAI) on Cargo Ship id=4666
[52032.461] DBG: UpdateMoves() : player 1 Theodora running AutoMission (NO_MISSIONAI) on Cargo Ship id=4777
[52032.461] DBG: UpdateMoves() : player 1 Theodora running AutoMission (NO_MISSIONAI) on Missionary id=4865
[52032.461] DBG: UpdateMoves() : player 1 Theodora running AutoMission (NO_MISSIONAI) on Caravan id=4868
[52032.461] DBG: UpdateMoves() : player 1 Theodora running AutoMission (NO_MISSIONAI) on Envoy id=5189
[52032.461] DBG: CheckPlayerTurnDeactivate() : auto-moves complete for Theodora
[52032.467] Net SEND (0): size=96: NetGameOptions : m_kOptions.size=2
[52033.638] Net RECV (0) :NetGameOptions : m_kOptions.size=2
[52035.512] DBG: UpdateMoves() : player.AI_unitUpdate() called for player 2 Ashurbanipal
[52035.512] DBG: UpdateMoves() : player.setAutoMoves(true) called for player 2 Ashurbanipal
[52035.512] DBG: UpdateMoves() : player 2 Ashurbanipal running AutoMission (NO_MISSIONAI) on Cannon id=4746
[52035.512] DBG: UpdateMoves() : player 2 Ashurbanipal running AutoMission (NO_MISSIONAI) on Cannon id=4750
[52035.512] DBG: UpdateMoves() : player 2 Ashurbanipal running AutoMission (NO_MISSIONAI) on Cannon id=4745
[52035.512] DBG: UpdateMoves() : player 2 Ashurbanipal running AutoMission (AI_TACTMOVE) on Tercio id=5438
[52035.512] DBG: UpdateMoves() : player 2 Ashurbanipal running AutoMission (AI_EXPLORE) on Caravel id=3551
[52035.512] DBG: UpdateMoves() : player 2 Ashurbanipal running AutoMission (NO_MISSIONAI) on Tercio id=4748
[52035.512] DBG: UpdateMoves() : player 2 Ashurbanipal running AutoMission (NO_MISSIONAI) on Knight id=4474
[52035.512] DBG: UpdateMoves() : player 2 Ashurbanipal running AutoMission (NO_MISSIONAI) on Caravel id=5382
[52035.512] DBG: UpdateMoves() : player 2 Ashurbanipal running AutoMission (NO_MISSIONAI) on Knight id=3266
[52035.512] DBG: UpdateMoves() : player 2 Ashurbanipal running AutoMission (NO_MISSIONAI) on Caravel id=5444
[52035.512] DBG: UpdateMoves() : player 2 Ashurbanipal running AutoMission (NO_MISSIONAI) on Tercio id=4747
[52035.512] DBG: UpdateMoves() : player 2 Ashurbanipal running AutoMission (NO_MISSIONAI) on Tercio id=4781
[52035.512] DBG: UpdateMoves() : player 2 Ashurbanipal running AutoMission (NO_MISSIONAI) on Tercio id=4749
[52035.512] DBG: UpdateMoves() : player 2 Ashurbanipal running AutoMission (NO_MISSIONAI) on Knight id=4439
[52035.512] DBG: UpdateMoves() : player 2 Ashurbanipal running AutoMission (NO_MISSIONAI) on Caravel id=5000
[52035.512] DBG: UpdateMoves() : player 2 Ashurbanipal running AutoMission (NO_MISSIONAI) on Knight id=3837
[52035.512] DBG: UpdateMoves() : player 2 Ashurbanipal running AutoMission (AI_EXPLORE) on Explorer id=4691
[52035.512] DBG: UpdateMoves() : player 2 Ashurbanipal running AutoMission (NO_MISSIONAI) on Crossbowman id=3373
[52035.512] DBG: UpdateMoves() : player 2 Ashurbanipal running AutoMission (AI_EXPLORE) on Explorer id=4558
[52035.512] DBG: UpdateMoves() : player 2 Ashurbanipal running AutoMission (NO_MISSIONAI) on Heavy Skirmisher id=5156
[52035.512] DBG: UpdateMoves() : player 2 Ashurbanipal running AutoMission (NO_MISSIONAI) on Heavy Skirmisher id=5509
[52035.512] DBG: UpdateMoves() : player 2 Ashurbanipal running AutoMission (AI_EXPLORE) on Explorer id=4536
[52035.512] DBG: UpdateMoves() : player 2 Ashurbanipal running AutoMission (NO_MISSIONAI) on Heavy Skirmisher id=5480
[52035.512] DBG: UpdateMoves() : player 2 Ashurbanipal running AutoMission (NO_MISSIONAI) on Crossbowman id=5276
[52035.515] DBG: UpdateMoves() : player 2 Ashurbanipal running AutoMission (NO_MISSIONAI) on Heavy Skirmisher id=5152
[52035.515] DBG: UpdateMoves() : player 2 Ashurbanipal running AutoMission (AI_TACTMOVE) on Explorer id=4504
[52035.515] DBG: UpdateMoves() : player 2 Ashurbanipal running AutoMission (AI_BUILD) on Worker id=1547
[52035.515] DBG: UpdateMoves() : player 2 Ashurbanipal running AutoMission (AI_BUILD) on Worker id=1990
[52035.515] DBG: UpdateMoves() : player 2 Ashurbanipal running AutoMission (AI_BUILD) on Worker id=2333
[52035.515] DBG: UpdateMoves() : player 2 Ashurbanipal running AutoMission (AI_BUILD) on Worker id=2935
[52035.515] DBG: UpdateMoves() : player 2 Ashurbanipal running AutoMission (AI_BUILD) on Worker id=2989
[52035.515] DBG: UpdateMoves() : player 2 Ashurbanipal running AutoMission (AI_BUILD) on Worker id=3032
[52035.515] DBG: UpdateMoves() : player 2 Ashurbanipal running AutoMission (NO_MISSIONAI) on Septimia Zenobia (Great General) id=3192
[52035.515] DBG: UpdateMoves() : player 2 Ashurbanipal running AutoMission (AI_BUILD) on Worker id=3666
[52035.515] DBG: UpdateMoves() : player 2 Ashurbanipal running AutoMission (AI_HOMEMOVE) on Missionary id=4557
[52035.515] DBG: UpdateMoves() : player 2 Ashurbanipal running AutoMission (AI_HOMEMOVE) on Missionary id=4836
[52035.515] DBG: UpdateMoves() : player 2 Ashurbanipal running AutoMission (AI_HOMEMOVE) on Missionary id=4872
[52035.515] DBG: UpdateMoves() : player 2 Ashurbanipal running AutoMission (AI_HOMEMOVE) on Missionary id=4939
[52035.515] DBG: UpdateMoves() : player 2 Ashurbanipal running AutoMission (AI_HOMEMOVE) on Missionary id=5029
[52035.515] DBG: UpdateMoves() : player 2 Ashurbanipal running AutoMission (AI_BUILD) on Worker id=5093
[52035.515] DBG: UpdateMoves() : player 2 Ashurbanipal running AutoMission (NO_MISSIONAI) on Work Boat id=5340
[52035.515] DBG: UpdateMoves() : player 2 Ashurbanipal running AutoMission (NO_MISSIONAI) on Missionary id=5343
[52035.515] DBG: UpdateMoves() : player 2 Ashurbanipal running AutoMission (NO_MISSIONAI) on Work Boat id=5479
[52035.515] DBG: UpdateMoves() : player 2 Ashurbanipal running AutoMission (NO_MISSIONAI) on Pioneer id=5510
[52035.515] DBG: UpdateMoves() : player 2 Ashurbanipal running AutoMission (NO_MISSIONAI) on Pioneer id=5511
[52035.515] DBG: UpdateMoves() : player 2 Ashurbanipal running AutoMission (NO_MISSIONAI) on Crossbowman id=5536
[52035.515] DBG: UpdateMoves() : player 2 Ashurbanipal running AutoMission (NO_MISSIONAI) on Caravel id=5543
[52035.515] DBG: UpdateMoves() : player 2 Ashurbanipal running AutoMission (NO_MISSIONAI) on Caravel id=5544
[52035.516] DBG: CheckPlayerTurnDeactivate() : auto-moves complete for Ashurbanipal
[52035.522] Net SEND (0): size=96: NetGameOptions : m_kOptions.size=2
[52036.148] Net RECV (0) :NetGameOptions : m_kOptions.size=2
</pre>
</details>

### Additional information

Running on Proton, possibly there is a message box but I couldn't find it under the window or in the logs.

**Comment by Hello71** [comment]
probably duplicate of #12076, winedbg maybe stuck behind the window. top frames are same modulo ASLR

```
0:000> k
 # ChildEBP RetAddr      
WARNING: Stack unwind information not available. Following frames may be wrong.
00 0019fd94 00525a8d     Civ5Win32Final_Release_Steam_CEG_D3D11+0x94ffb
01 0019fdb0 0057937c     Civ5Win32Final_Release_Steam_CEG_D3D11+0x255a8d
02 0019fdb8 00680cc4     Civ5Win32Final_Release_Steam_CEG_D3D11+0x2a937c
03 0019fdd0 00368b9b     Civ5Win32Final_Release_Steam_CEG_D3D11!GetSmallObjectAllocatorInitParams+0xb7f54
04 0019fddc 005cbc4d     Civ5Win32Final_Release_Steam_CEG_D3D11+0x98b9b
05 0019fdf4 005f5924     Civ5Win32Final_Release_Steam_CEG_D3D11!GetSmallObjectAllocatorInitParams+0x2edd
06 0019fe48 005759a5     Civ5Win32Final_Release_Steam_CEG_D3D11!GetSmallObjectAllocatorInitParams+0x2cbb4
07 0019fe60 00329d8a     Civ5Win32Final_Release_Steam_CEG_D3D11+0x2a59a5
08 0019fe70 00384089     Civ5Win32Final_Release_Steam_CEG_D3D11+0x59d8a
09 0019fe88 006edcb5     Civ5Win32Final_Release_Steam_CEG_D3D11+0xb4089
0a 0019fed4 004d2477     Civ5Win32Final_Release_Steam_CEG_D3D11!FJobSetAddJobImpl+0x605
0b 0019fee4 007f6eb5     Civ5Win32Final_Release_Steam_CEG_D3D11+0x202477
0c 0019ff74 76015d49     Civ5Win32Final_Release_Steam_CEG_D3D11!std::_Init_locks::operator=+0x6b5
0d 0019ff84 77b7d6db     KERNEL32!BaseThreadInitThunk+0x19
0e 0019ffdc 77b7d661     ntdll!__RtlUserThreadStart+0x2b
0f 0019ffec 00000000     ntdll!_RtlUserThreadStart+0x1b
0:000> r
eax=fffffb50 ebx=000000df ecx=00c81ef0 edx=00000001 esi=0fffffff edi=09d6c024
eip=00364ffb esp=0019fd88 ebp=0fffffff iopl=0         ov up ei ng nz ac pe cy
cs=0023  ss=002b  ds=002b  es=002b  fs=0053  gs=002b             efl=00010a97
```

<details>
<summary>function disassembly</summary>
<pre>
00364f88 cc              int     3
00364f89 cc              int     3
00364f8a cc              int     3
00364f8b cc              int     3
00364f8c cc              int     3
00364f8d cc              int     3
00364f8e cc              int     3
00364f8f cc              int     3
00364f90 8b442404        mov     eax,dword ptr [esp+4]
00364f94 3dffffff0f      cmp     eax,0FFFFFFFh
00364f99 0f84f9000000    je      Civ5Win32Final_Release_Steam_CEG_D3D11+0x95098 (00365098)
00364f9f 8b542408        mov     edx,dword ptr [esp+8]
00364fa3 3b4118          cmp     eax,dword ptr [ecx+18h]
00364fa6 7503            jne     Civ5Win32Final_Release_Steam_CEG_D3D11+0x94fab (00364fab)
00364fa8 895118          mov     dword ptr [ecx+18h],edx
00364fab 69c0b0040000    imul    eax,eax,4B0h
00364fb1 55              push    ebp
00364fb2 56              push    esi
00364fb3 8b7108          mov     esi,dword ptr [ecx+8]
00364fb6 8b443004        mov     eax,dword ptr [eax+esi+4]
00364fba 25ffffff7f      and     eax,7FFFFFFFh
00364fbf 8944240c        mov     dword ptr [esp+0Ch],eax
00364fc3 81faffffff0f    cmp     edx,0FFFFFFFh
00364fc9 7508            jne     Civ5Win32Final_Release_Steam_CEG_D3D11+0x94fd3 (00364fd3)
00364fcb 8b691c          mov     ebp,dword ptr [ecx+1Ch]
00364fce 89411c          mov     dword ptr [ecx+1Ch],eax
00364fd1 eb10            jmp     Civ5Win32Final_Release_Steam_CEG_D3D11+0x94fe3 (00364fe3)
00364fd3 69d2b0040000    imul    edx,edx,4B0h
00364fd9 8b6c3204        mov     ebp,dword ptr [edx+esi+4]
00364fdd 81e5ffffff7f    and     ebp,7FFFFFFFh
00364fe3 3bc5            cmp     eax,ebp
00364fe5 0f84ab000000    je      Civ5Win32Final_Release_Steam_CEG_D3D11+0x95096 (00365096)
00364feb 53              push    ebx
00364fec 57              push    edi
00364fed 8d4900          lea     ecx,[ecx]
00364ff0 8b7908          mov     edi,dword ptr [ecx+8]
00364ff3 8bc5            mov     eax,ebp
00364ff5 69c0b0040000    imul    eax,eax,4B0h
00364ffb 8b743804        mov     esi,dword ptr [eax+edi+4]
00364fff 8b1c38          mov     ebx,dword ptr [eax+edi]
00365002 8d543804        lea     edx,[eax+edi+4]
00365006 81e6ffffff7f    and     esi,7FFFFFFFh
0036500c 89542418        mov     dword ptr [esp+18h],edx
00365010 81fbffffff0f    cmp     ebx,0FFFFFFFh
00365016 741c            je      Civ5Win32Final_Release_Steam_CEG_D3D11+0x95034 (00365034)
00365018 8bd3            mov     edx,ebx
0036501a 69d2b0040000    imul    edx,edx,4B0h
00365020 03d7            add     edx,edi
00365022 8b7a04          mov     edi,dword ptr [edx+4]
00365025 33fe            xor     edi,esi
00365027 81e7ffffff7f    and     edi,7FFFFFFFh
0036502d 317a04          xor     dword ptr [edx+4],edi
00365030 8b542418        mov     edx,dword ptr [esp+18h]
00365034 81feffffff0f    cmp     esi,0FFFFFFFh
0036503a 7412            je      Civ5Win32Final_Release_Steam_CEG_D3D11+0x9504e (0036504e)
0036503c 8b7908          mov     edi,dword ptr [ecx+8]
0036503f 8bd6            mov     edx,esi
00365041 69d2b0040000    imul    edx,edx,4B0h
00365047 891c3a          mov     dword ptr [edx+edi],ebx
0036504a 8b542418        mov     edx,dword ptr [esp+18h]
0036504e 8122ffffff7f    and     dword ptr [edx],7FFFFFFFh
00365054 8b7908          mov     edi,dword ptr [ecx+8]
00365057 8b543804        mov     edx,dword ptr [eax+edi+4]
0036505b c1ea1f          shr     edx,1Fh
0036505e f6d2            not     dl
00365060 f6c201          test    dl,1
00365063 7420            je      Civ5Win32Final_Release_Steam_CEG_D3D11+0x95085 (00365085)
00365065 8b11            mov     edx,dword ptr [ecx]
00365067 3bea            cmp     ebp,edx
00365069 7307            jae     Civ5Win32Final_Release_Steam_CEG_D3D11+0x95072 (00365072)
0036506b 891438          mov     dword ptr [eax+edi],edx
0036506e 8929            mov     dword ptr [ecx],ebp
00365070 eb10            jmp     Civ5Win32Final_Release_Steam_CEG_D3D11+0x95082 (00365082)
00365072 69d2b0040000    imul    edx,edx,4B0h
00365078 8b1c3a          mov     ebx,dword ptr [edx+edi]
0036507b 03d7            add     edx,edi
0036507d 891c38          mov     dword ptr [eax+edi],ebx
00365080 892a            mov     dword ptr [edx],ebp
00365082 ff4904          dec     dword ptr [ecx+4]
00365085 ff4914          dec     dword ptr [ecx+14h]
00365088 8bee            mov     ebp,esi
0036508a 39742414        cmp     dword ptr [esp+14h],esi
0036508e 0f855cffffff    jne     Civ5Win32Final_Release_Steam_CEG_D3D11+0x94ff0 (00364ff0)
00365094 5f              pop     edi
00365095 5b              pop     ebx
00365096 5e              pop     esi
00365097 5d              pop     ebp
00365098 c20800          ret     8
0036509b cc              int     3
0036509c cc              int     3
0036509d cc              int     3
0036509e cc              int     3
0036509f cc              int     3
</pre>
</details>
